yarn run v1.22.22
$ vite
Port 5000 is in use, trying another one...
Port 5001 is in use, trying another one...

  VITE v8.1.0  ready in 90 ms

  ➜  Local:   http://localhost:5002/
  ➜  Network: http://192.168.0.103:5002/
1:00:02 PM [vite] http proxy error: /api/auth/login
AggregateError [ECONNREFUSED]: 
    at internalConnectMultiple (node:net:1194:18)
    at afterConnectMultiple (node:net:1784:7)
1:00:03 PM [vite] http proxy error: /api/auth/login
AggregateError [ECONNREFUSED]: 
    at internalConnectMultiple (node:net:1194:18)
    at afterConnectMultiple (node:net:1784:7)
1:00:04 PM [vite] http proxy error: /api/pms/available-rooms?check_in=2026-08-01&check_out=2026-08-02
AggregateError [ECONNREFUSED]: 
    at internalConnectMultiple (node:net:1194:18)
    at afterConnectMultiple (node:net:1784:7)
1:08:03 PM [vite] (client) [console.warn] 401 Unauthorized - clearing session. URL: /auth/refresh-token
1:08:03 PM [vite] (client) [console.warn] 401 Unauthorized - refresh failed, clearing session. URL: /auth/me
1:08:04 PM [vite] (client) [console.warn] 401 Unauthorized - clearing session. URL: /auth/refresh-token
1:08:04 PM [vite] (client) [console.warn] 401 Unauthorized - refresh failed, clearing session. URL: /subscription/current
1:08:04 PM [vite] (client) [console.warn] 401 Unauthorized - refresh failed, clearing session. URL: /onboarding/progress
1:08:04 PM [vite] (client) [console.warn] 401 Unauthorized - refresh failed, clearing session. URL: /pms/hotel-settings
1:08:04 PM [vite] ws proxy error:
Error: write EPIPE
    at afterWriteDispatched (node:internal/stream_base_commons:159:15)
    at writeGeneric (node:internal/stream_base_commons:150:3)
    at Socket._writeGeneric (node:net:1026:11)
    at Socket._write (node:net:1038:8)
    at writeOrBuffer (node:internal/streams/writable:570:12)
    at _write (node:internal/streams/writable:499:10)
    at Writable.write (node:internal/streams/writable:508:10)
    at Socket.ondata (node:internal/streams/readable:1012:24)
    at Socket.emit (node:events:509:28)
    at Readable.read (node:internal/streams/readable:784:10)
1:08:04 PM [vite] ws proxy socket error:
Error: write EPIPE
    at afterWriteDispatched (node:internal/stream_base_commons:159:15)
    at writeGeneric (node:internal/stream_base_commons:150:3)
    at Socket._writeGeneric (node:net:1026:11)
    at Socket._write (node:net:1038:8)
    at writeOrBuffer (node:internal/streams/writable:570:12)
    at _write (node:internal/streams/writable:499:10)
    at Writable.write (node:internal/streams/writable:508:10)
    at Socket.ondata (node:internal/streams/readable:1012:24)
    at Socket.emit (node:events:509:28)
    at Readable.read (node:internal/streams/readable:784:10)
1:08:27 PM [vite] (client) [console.warn] 401 Unauthorized - clearing session. URL: /auth/refresh-token
1:08:27 PM [vite] (client) [console.warn] 401 Unauthorized - refresh failed, clearing session. URL: /auth/me
1:08:27 PM [vite] (client) [console.warn] 401 Unauthorized - clearing session. URL: /auth/refresh-token
1:08:27 PM [vite] (client) [console.warn] 401 Unauthorized - refresh failed, clearing session. URL: /onboarding/progress
1:08:27 PM [vite] (client) [console.warn] 401 Unauthorized - refresh failed, clearing session. URL: /subscription/current
1:08:27 PM [vite] (client) [console.warn] 401 Unauthorized - refresh failed, clearing session. URL: /pms/hotel-settings
