2026-07-02T12:16:53 [INFO] server: Log sanitization filter attached to all handlers
2026-07-02T12:16:54 [WARNING] cache_manager: Redis not available: Error 61 connecting to localhost:6379. Connection refused.. Falling back to in-memory cache.
2026-07-02T12:16:54 [INFO] server: APM & Rate Limiting middleware activated
2026-07-02T12:16:54 [INFO] server: Entitlement enforcement middleware activated
2026-07-02T12:16:54 [INFO] server: Error response normalizer middleware activated
2026-07-02T12:16:54 [INFO] server: Upload size-limit middleware activated
2026-07-02T12:16:54 [INFO] server: Static disconnect silencer middleware activated
2026-07-02T12:16:54 [INFO] server: PII Masking: application-layer masking active (middleware bypassed)
2026-07-02T12:16:54 [INFO] server:   ✅ AI Intelligence endpoints loaded
2026-07-02T12:16:54 [INFO] bootstrap.router_registry:   ✅ routers.auth
2026-07-02T12:16:54 [INFO] bootstrap.router_registry:   ✅ routers.db_admin
2026-07-02T12:16:54 [INFO] bootstrap.router_registry:   ✅ routers.housekeeping
2026-07-02T12:16:54 [INFO] bootstrap.router_registry:   ✅ routers.departments
2026-07-02T12:16:54 [INFO] bootstrap.router_registry:   ✅ routers.pms
2026-07-02T12:16:54 [INFO] bootstrap.router_registry:   ✅ routers.pms_rooms
2026-07-02T12:16:54 [WARNING] core.crypto.keys: CM_MASTER_KEY_CURRENT not set — using dev fallback. NOT SAFE FOR PRODUCTION.
2026-07-02T12:16:54 [INFO] core.crypto.keys: KeyRing loaded: kid=v1 has_previous=False env=development
2026-07-02T12:16:54 [INFO] core.crypto.service: CredentialEncryptionService initialized: v2=False bypass=False kid=v1
2026-07-02T12:16:54 [INFO] security.field_encryption: FieldEncryptionService initialized: crypto_health={'v2_enabled': False, 'bypass_active': False, 'current_kid': 'v1', 'has_previous_key': False}
2026-07-02T12:16:54 [INFO] bootstrap.router_registry:   ✅ routers.pms_guests
2026-07-02T12:16:54 [INFO] bootstrap.router_registry:   ✅ routers.shift_handover
2026-07-02T12:16:54 [INFO] bootstrap.router_registry:   ✅ routers.early_late_pricing
2026-07-02T12:16:54 [INFO] bootstrap.router_registry:   ✅ routers.eod_report
2026-07-02T12:16:54 [INFO] bootstrap.router_registry:   ✅ routers.no_show_risk
2026-07-02T12:16:54 [INFO] bootstrap.router_registry:   ✅ routers.walkin
2026-07-02T12:16:54 [INFO] bootstrap.router_registry:   ✅ routers.room_map
2026-07-02T12:16:54 [INFO] bootstrap.router_registry:   ✅ routers.pms_bookings
2026-07-02T12:16:54 [INFO] bootstrap.router_registry:   ✅ routers.pms_dashboard
2026-07-02T12:16:54 [INFO] bootstrap.router_registry:   ✅ routers.pms_analytics
2026-07-02T12:16:54 [INFO] bootstrap.router_registry:   ✅ routers.pms_services
2026-07-02T12:16:54 [INFO] bootstrap.router_registry:   ✅ routers.pms_room_queue
2026-07-02T12:16:54 [INFO] bootstrap.router_registry:   ✅ routers.pms_room_details
2026-07-02T12:16:54 [INFO] bootstrap.router_registry:   ✅ routers.pms_reservations
2026-07-02T12:16:54 [INFO] bootstrap.router_registry:   ✅ routers.pms_availability
2026-07-02T12:16:54 [INFO] bootstrap.router_registry:   ✅ routers.reservation_detail
2026-07-02T12:16:54 [INFO] bootstrap.router_registry:   ✅ routers.vcc_router
2026-07-02T12:16:54 [INFO] bootstrap.router_registry:   ✅ routers.payments_router
2026-07-02T12:16:54 [INFO] bootstrap.router_registry:   ✅ routers.hotel_services
2026-07-02T12:16:54 [INFO] bootstrap.router_registry:   ✅ routers.finance
2026-07-02T12:16:54 [INFO] bootstrap.router_registry:   ✅ routers.finance.folio_einvoice_public
2026-07-02T12:16:54 [INFO] bootstrap.router_registry:   ✅ routers.reports
2026-07-02T12:16:54 [INFO] bootstrap.router_registry:   ✅ routers.pms_hardening
2026-07-02T12:16:54 [INFO] bootstrap.router_registry:   ✅ routers.revenue_management
2026-07-02T12:16:54 [INFO] bootstrap.router_registry:   ✅ routers.displacement_analysis
2026-07-02T12:16:54 [INFO] bootstrap.router_registry:   ✅ routers.travel_agent_arap
2026-07-02T12:16:54 [INFO] bootstrap.router_registry:   ✅ routers.event_system
2026-07-02T12:16:54 [INFO] bootstrap.router_registry:   ✅ routers.guest_journey
2026-07-02T12:16:54 [INFO] bootstrap.router_registry:   ✅ routers.platform_scaling
2026-07-02T12:16:54 [INFO] bootstrap.router_registry:   ✅ routers.enterprise_live
2026-07-02T12:16:54 [INFO] bootstrap.router_registry:   ✅ routers.data_intelligence
2026-07-02T12:16:54 [INFO] bootstrap.router_registry:   ✅ routers.messaging
2026-07-02T12:16:54 [INFO] bootstrap.router_registry:   ✅ routers.ml_scheduler
2026-07-02T12:16:54 [INFO] bootstrap.router_registry:   ✅ routers.revenue_autopilot_v2
2026-07-02T12:16:54 [INFO] bootstrap.router_registry:   ✅ routers.websocket_health
2026-07-02T12:16:54 [INFO] bootstrap.router_registry:   ✅ routers.analytics_export
2026-07-02T12:16:54 [INFO] bootstrap.router_registry:   ✅ routers.data_pipeline
2026-07-02T12:16:54 [INFO] bootstrap.router_registry:   ✅ routers.event_bus
2026-07-02T12:16:54 [INFO] bootstrap.router_registry:   ✅ routers.observability
2026-07-02T12:16:54 [INFO] bootstrap.router_registry:   ✅ routers.security_hardening
2026-07-02T12:16:54 [INFO] bootstrap.router_registry:   ✅ routers.runtime_infrastructure
2026-07-02T12:16:54 [INFO] bootstrap.router_registry:   ✅ routers.infra_hardening
2026-07-02T12:16:54 [INFO] bootstrap.router_registry:   ✅ routers.production_golive
2026-07-02T12:16:54 [INFO] bootstrap.router_registry:   ✅ routers.report_builder
2026-07-02T12:16:54 [INFO] bootstrap.router_registry:   ✅ routers.guest_messaging
2026-07-02T12:16:54 [INFO] bootstrap.router_registry:   ✅ routers.mailing
2026-07-02T12:16:54 [INFO] bootstrap.router_registry:   ✅ routers.marketplace
2026-07-02T12:16:54 [INFO] bootstrap.router_registry:   ✅ routers.integrations_afsadakat
2026-07-02T12:16:54 [INFO] bootstrap.router_registry:   ✅ routers.pms_outbound
2026-07-02T12:16:54 [INFO] bootstrap.router_registry:   ✅ routers.onboarding
2026-07-02T12:16:54 [INFO] bootstrap.router_registry:   ✅ routers.security_2fa
2026-07-02T12:16:54 [INFO] bootstrap.router_registry:   ✅ routers.pci_compliance
2026-07-02T12:16:54 [INFO] bootstrap.router_registry:   ✅ routers.xchange
2026-07-02T12:16:54 [INFO] bootstrap.router_registry:   ✅ domains.spa.router
2026-07-02T12:16:55 [INFO] bootstrap.router_registry:   ✅ domains.golf.router
2026-07-02T12:16:55 [INFO] bootstrap.router_registry:   ✅ routers.mice
2026-07-02T12:16:55 [INFO] bootstrap.router_registry:   ✅ routers.banquet_competitor
2026-07-02T12:16:55 [INFO] bootstrap.router_registry:   ✅ routers.cross_property
2026-07-02T12:16:55 [INFO] bootstrap.router_registry:   ✅ routers.procurement
2026-07-02T12:16:55 [INFO] bootstrap.router_registry:   ✅ routers.integration_rollout
2026-07-02T12:16:55 [INFO] bootstrap.router_registry:   ✅ routers.uploads
2026-07-02T12:16:55 [INFO] bootstrap.router_registry:   ✅ domains.channel_manager.router
2026-07-02T12:16:55 [INFO] bootstrap.router_registry:   ✅ domains.guest.router
2026-07-02T12:16:55 [INFO] bootstrap.router_registry:   ✅ domains.guest.checkin_router
2026-07-02T12:16:55 [INFO] bootstrap.router_registry:   ✅ domains.sales.router
2026-07-02T12:16:55 [INFO] bootstrap.router_registry:   ✅ domains.pms.pos_router
2026-07-02T12:16:55 [INFO] bootstrap.router_registry:   ✅ domains.pms.mobile_router
2026-07-02T12:16:55 [INFO] bootstrap.router_registry:   ✅ domains.revenue.analytics_router
2026-07-02T12:16:55 [INFO] bootstrap.router_registry:   ✅ domains.pms.enterprise_router
2026-07-02T12:16:55 [INFO] bootstrap.router_registry:   ✅ domains.pms.marketplace_router
2026-07-02T12:16:55 [INFO] bootstrap.router_registry:   ✅ domains.revenue.rms_router
2026-07-02T12:16:55 [INFO] bootstrap.router_registry:   ✅ domains.guest.experience_router
2026-07-02T12:16:55 [INFO] bootstrap.router_registry:   ✅ domains.hr.router
2026-07-02T12:16:55 [INFO] bootstrap.router_registry:   ✅ domains.ai.router
2026-07-02T12:16:55 [INFO] bootstrap.router_registry:   ✅ domains.pms.night_audit_router
2026-07-02T12:16:55 [INFO] bootstrap.router_registry:   ✅ domains.guest.messaging.router
2026-07-02T12:16:55 [INFO] bootstrap.router_registry:   ✅ domains.guest.messaging.guest_requests_router
2026-07-02T12:16:55 [INFO] bootstrap.router_registry:   ✅ domains.revenue.pricing_router
2026-07-02T12:16:55 [INFO] bootstrap.router_registry:   ✅ domains.admin.router
2026-07-02T12:16:55 [INFO] bootstrap.router_registry:   ✅ domains.pms.notification_router
2026-07-02T12:16:55 [INFO] bootstrap.router_registry:   ✅ domains.pms.dashboard_router
2026-07-02T12:16:55 [INFO] bootstrap.router_registry:   ✅ domains.pms.frontdesk_router
Server initialized for asgi.
2026-07-02T12:16:55 [INFO] engineio.server: Server initialized for asgi.
2026-07-02T12:16:55 [INFO] bootstrap.router_registry:   ✅ domains.pms.pos_fnb_router
2026-07-02T12:16:55 [INFO] bootstrap.router_registry:   ✅ domains.pms.housekeeping_router
2026-07-02T12:16:55 [INFO] bootstrap.router_registry:   ✅ domains.pms.maintenance_router
2026-07-02T12:16:55 [INFO] bootstrap.router_registry:   ✅ domains.guest.operations_router
2026-07-02T12:16:55 [INFO] bootstrap.router_registry:   ✅ domains.guest.qr_badge
2026-07-02T12:16:55 [INFO] bootstrap.router_registry:   ✅ domains.pms.groups_router
2026-07-02T12:16:55 [INFO] bootstrap.router_registry:   ✅ routers.reservation_waitlist
2026-07-02T12:16:55 [INFO] bootstrap.router_registry:   ✅ domains.channel_manager.operations_router
2026-07-02T12:16:55 [INFO] bootstrap.router_registry:   ✅ domains.sales.crm_router
2026-07-02T12:16:55 [INFO] bootstrap.router_registry:   ✅ domains.pms.calendar_router
2026-07-02T12:16:55 [INFO] bootstrap.router_registry:   ✅ domains.pms.approvals_router
2026-07-02T12:16:55 [INFO] bootstrap.router_registry:   ✅ domains.pms.misc_router
2026-07-02T12:16:56 [INFO] bootstrap.router_registry:   ✅ domains.accounting.router
2026-07-02T12:16:56 [INFO] bootstrap.router_registry:   ✅ domains.accounting.gl_router
2026-07-02T12:16:56 [INFO] bootstrap.router_registry:   ✅ domains.accounting.ap_router
2026-07-02T12:16:56 [INFO] bootstrap.router_registry:   ✅ domains.accounting.budget_router
2026-07-02T12:16:56 [INFO] bootstrap.router_registry:   ✅ domains.accounting.fixed_asset_router
2026-07-02T12:16:56 [INFO] bootstrap.router_registry:   ✅ domains.accounting.payroll_gl_router
2026-07-02T12:16:56 [INFO] bootstrap.router_registry:   ✅ domains.channel_manager.hardening_router
2026-07-02T12:16:56 [INFO] bootstrap.router_registry:   ✅ workers.hardening_router
2026-07-02T12:16:56 [INFO] bootstrap.router_registry:   ✅ security.hardening_router
2026-07-02T12:16:56 [INFO] bootstrap.router_registry:   ✅ modules.observability.hardening_router
2026-07-02T12:16:56 [INFO] bootstrap.router_registry:   ✅ domains.pms.night_audit.router
2026-07-02T12:16:56 [INFO] bootstrap.router_registry:   ✅ routers.audit_timeline
2026-07-02T12:16:56 [INFO] bootstrap.router_registry:   ✅ routers.operational_metrics
2026-07-02T12:16:56 [INFO] bootstrap.router_registry:   ✅ routers.system_health_dashboard
2026-07-02T12:16:56 [INFO] bootstrap.router_registry:   ✅ routers.system_health_normalized
2026-07-02T12:16:56 [INFO] bootstrap.router_registry:   ✅ routers.system_health_live
2026-07-02T12:16:56 [INFO] bootstrap.router_registry:   ✅ domains.pms.frontdesk_router_v2
2026-07-02T12:16:56 [INFO] bootstrap.router_registry:   ✅ domains.pms.pos_fnb_router_v2
2026-07-02T12:16:56 [INFO] bootstrap.router_registry:   ✅ domains.pms.pos_extensions.pos_currency
2026-07-02T12:16:56 [INFO] bootstrap.router_registry:   ✅ domains.pms.pos_extensions.pos_happy_hour
2026-07-02T12:16:56 [INFO] bootstrap.router_registry:   ✅ domains.pms.pos_extensions.pos_coupons
2026-07-02T12:16:56 [INFO] bootstrap.router_registry:   ✅ domains.pms.pos_extensions.pos_loyalty_pos
2026-07-02T12:16:56 [INFO] bootstrap.router_registry:   ✅ domains.pms.pos_extensions.pos_shift_close
2026-07-02T12:16:56 [INFO] bootstrap.router_registry:   ✅ domains.pms.pos_extensions.pos_barcode
2026-07-02T12:16:56 [INFO] bootstrap.router_registry:   ✅ domains.pms.pos_extensions.pos_print_spool
2026-07-02T12:16:56 [INFO] bootstrap.router_registry:   ✅ domains.pms.pos_extensions.pos_fiscal
2026-07-02T12:16:56 [INFO] bootstrap.router_registry:   ✅ modules.stays.router
2026-07-02T12:16:56 [INFO] bootstrap.router_registry:   ✅ modules.inventory.router
2026-07-02T12:16:56 [INFO] bootstrap.router_registry:   ✅ routers.integration_credentials
2026-07-02T12:16:56 [INFO] bootstrap.router_registry:   ✅ routers.capx_integration
2026-07-02T12:16:56 [INFO] bootstrap.router_registry:   ✅ routers.capx_webhook
2026-07-02T12:16:56 [INFO] bootstrap.router_registry:   ✅ modules.observability.alert_router
2026-07-02T12:16:56 [INFO] bootstrap.router_registry:   ✅ modules.incident.incident_router
2026-07-02T12:16:56 [INFO] bootstrap.router_registry:   ✅ domains.channel_manager.validation_router
2026-07-02T12:16:56 [INFO] bootstrap.router_registry:   ✅ domains.channel_manager.providers.hotelrunner_router
2026-07-02T12:16:56 [INFO] bootstrap.router_registry:   ✅ domains.channel_manager.providers.hotelrunner_webhook
2026-07-02T12:16:56 [INFO] bootstrap.router_registry:   ✅ domains.channel_manager.providers.hotelrunner_sync
2026-07-02T12:16:56 [INFO] bootstrap.router_registry:   ✅ domains.channel_manager.providers.exely.exely_router
2026-07-02T12:16:56 [INFO] bootstrap.router_registry:   ✅ domains.channel_manager.providers.exely.exely_webhook_router
2026-07-02T12:16:56 [INFO] bootstrap.router_registry:   ✅ domains.channel_manager.ari.router
2026-07-02T12:16:56 [INFO] bootstrap.router_registry:   ✅ domains.channel_manager.rate_manager_router
2026-07-02T12:16:56 [INFO] bootstrap.router_registry:   ✅ domains.channel_manager.hr_rate_manager_router
2026-07-02T12:16:56 [INFO] bootstrap.router_registry:   ✅ domains.channel_manager.unified_rate_manager_router
2026-07-02T12:16:56 [INFO] bootstrap.router_registry:   ✅ domains.channel_manager.channel_connections_router
2026-07-02T12:16:56 [INFO] bootstrap.router_registry:   ✅ domains.channel_manager.auto_map_router
2026-07-02T12:16:56 [INFO] bootstrap.router_registry:   ✅ domains.channel_manager.wire_failure_router
2026-07-02T12:16:56 [INFO] bootstrap.router_registry:   ✅ security.pii_strict_mode_router
2026-07-02T12:16:56 [INFO] bootstrap.router_registry:   ✅ domains.channel_manager.model_router
2026-07-02T12:16:56 [INFO] bootstrap.router_registry:   ✅ domains.channel_manager.ingest.ingest_router
2026-07-02T12:16:56 [INFO] bootstrap.router_registry:   ✅ domains.channel_manager.reconciliation_engine.reconciliation_router
2026-07-02T12:16:56 [INFO] bootstrap.router_registry:   ✅ domains.channel_manager.monitoring.monitoring_router
2026-07-02T12:16:56 [INFO] bootstrap.router_registry:   ✅ domains.channel_manager.provider_config_router
2026-07-02T12:16:56 [INFO] bootstrap.router_registry:   ✅ security.tenant_isolation_router
2026-07-02T12:16:56 [INFO] bootstrap.router_registry:   ✅ ops.pilot_router
2026-07-02T12:16:56 [INFO] bootstrap.router_registry:   ✅ ops.validation_router
2026-07-02T12:16:56 [INFO] bootstrap.router_registry:   ✅ ops.production_rollout_router
2026-07-02T12:16:56 [INFO] bootstrap.router_registry:   ✅ domains.channel_manager.lockdown_router
2026-07-02T12:16:56 [INFO] bootstrap.router_registry:   ✅ domains.channel_manager.incident_router
2026-07-02T12:16:56 [INFO] bootstrap.router_registry:   ✅ domains.channel_manager.runtime_enforcement_router
2026-07-02T12:16:56 [INFO] bootstrap.router_registry:   ✅ domains.channel_manager.notification_events_router
2026-07-02T12:16:56 [INFO] bootstrap.router_registry:   ✅ controlplane.ops_router
2026-07-02T12:16:56 [INFO] bootstrap.router_registry:   ✅ controlplane.timeline_router
2026-07-02T12:16:56 [INFO] bootstrap.router_registry:   ✅ controlplane.dashboard_router
2026-07-02T12:16:56 [INFO] bootstrap.router_registry:   ✅ controlplane.dashboard_router
2026-07-02T12:16:56 [INFO] bootstrap.router_registry:   ✅ routers.folio_ledger
2026-07-02T12:16:56 [INFO] bootstrap.router_registry:   ✅ controlplane.learning_loop_router
2026-07-02T12:16:56 [INFO] bootstrap.router_registry:   ✅ controlplane.security_ops_router
2026-07-02T12:16:56 [INFO] bootstrap.router_registry:   ✅ controlplane.sandbox_dashboard_router
2026-07-02T12:16:56 [INFO] bootstrap.router_registry:   ✅ controlplane.cicd_pipeline_router
2026-07-02T12:16:56 [INFO] bootstrap.router_registry:   ✅ routers.room_blocks
2026-07-02T12:16:56 [INFO] bootstrap.router_registry:   ✅ routers.booking_holds
2026-07-02T12:16:56 [INFO] bootstrap.router_registry:   ✅ routers.inventory
2026-07-02T12:16:56 [INFO] bootstrap.router_registry:   ✅ routers.hotelrunner_compat
2026-07-02T12:16:56 [INFO] bootstrap.router_registry:   ✅ channel_manager.connectors.hotelrunner_v2.router
2026-07-02T12:16:56 [INFO] bootstrap.router_registry:   ✅ routers.agency_portal
2026-07-02T12:16:56 [INFO] bootstrap.router_registry:   ✅ routers.agency_content
2026-07-02T12:16:56 [INFO] bootstrap.router_registry:   ✅ routers.b2b_api
2026-07-02T12:16:56 [INFO] bootstrap.router_registry:   ✅ routers.agency_v1
2026-07-02T12:16:56 [INFO] bootstrap.router_registry:   ✅ routers.b2b_analytics
2026-07-02T12:16:56 [INFO] bootstrap.router_registry:   ✅ routers.marketplace_b2b
2026-07-02T12:16:56 [INFO] bootstrap.router_registry:   ✅ routers.agency_contracts
2026-07-02T12:16:56 [INFO] bootstrap.router_registry:   ✅ routers.agency_contracts
2026-07-02T12:16:56 [INFO] bootstrap.router_registry:   ✅ routers.agency_contracts
2026-07-02T12:16:57 [INFO] bootstrap.router_registry:   ✅ routers.kbs
2026-07-02T12:16:57 [INFO] bootstrap.router_registry:   ✅ routers.help
2026-07-02T12:16:57 [INFO] bootstrap.router_registry:   ✅ routers.academy
2026-07-02T12:16:57 [INFO] bootstrap.router_registry:   ✅ routers.academy_public
2026-07-02T12:16:57 [INFO] bootstrap.router_registry:   ✅ domains.contact_center.router
2026-07-02T12:16:57 [INFO] bootstrap.router_registry:   ✅ domains.contact_center.voice_router
2026-07-02T12:16:57 [INFO] bootstrap.router_registry:   ✅ domains.contact_center.voice_router
2026-07-02T12:16:57 [INFO] bootstrap.router_registry:   ✅ routers.regulatory
2026-07-02T12:16:57 [INFO] bootstrap.router_registry:   ✅ routers.report_scheduler
2026-07-02T12:16:57 [INFO] bootstrap.router_registry:   ✅ domains.pms.minibar_router
2026-07-02T12:16:57 [INFO] bootstrap.router_registry:   ✅ domains.pms.cashier_router
2026-07-02T12:16:57 [INFO] bootstrap.router_registry:   ✅ domains.pms.laundry_router
2026-07-02T12:16:57 [INFO] bootstrap.router_registry:   ✅ domains.pms.transfer_parking_router
2026-07-02T12:16:57 [INFO] bootstrap.router_registry:   ✅ domains.pms.concierge_router
2026-07-02T12:16:57 [INFO] bootstrap.router_registry:   ✅ domains.pms.fnb_cost_router
2026-07-02T12:16:57 [INFO] bootstrap.router_registry:   ✅ domains.pms.turndown_router
2026-07-02T12:16:57 [INFO] bootstrap.router_registry:   ✅ domains.pms.folio_routing_router
2026-07-02T12:16:57 [INFO] bootstrap.router_registry:   ✅ domains.pms.folio_window_router
2026-07-02T12:16:57 [INFO] bootstrap.router_registry:   ✅ domains.pms.long_stay_router
2026-07-02T12:16:57 [INFO] bootstrap.router_registry:   ✅ domains.pms.block_management_router
2026-07-02T12:16:57 [INFO] bootstrap.router_registry:   ✅ domains.pms.activity_scheduler_router
2026-07-02T12:16:57 [INFO] bootstrap.router_registry:   ✅ domains.pms.function_space_router
2026-07-02T12:16:57 [INFO] bootstrap.router_registry:   ✅ domains.guest.loyalty_router
2026-07-02T12:16:57 [INFO] bootstrap.router_registry:   ✅ domains.guest.profile_udf_router
2026-07-02T12:16:57 [INFO] bootstrap.router_registry:   ✅ domains.pms.catering_router
2026-07-02T12:16:57 [INFO] bootstrap.router_registry:   ✅ domains.pms.suite_connecting_router
2026-07-02T12:16:57 [INFO] bootstrap.router_registry:   ✅ domains.revenue.hurdle_router
2026-07-02T12:16:57 [INFO] bootstrap.router_registry:   ✅ domains.revenue.forecast_router
2026-07-02T12:16:57 [INFO] bootstrap.router_registry:   ✅ domains.pms.operations_router
2026-07-02T12:16:57 [INFO] bootstrap.router_registry:   ✅ routers.ops_events_router
2026-07-02T12:16:57 [INFO] bootstrap.router_registry:   ✅ routers.ops_timeline_router
2026-07-02T12:16:57 [INFO] bootstrap.router_registry:   ✅ routers.early_warning_router
2026-07-02T12:16:57 [INFO] bootstrap.router_registry:   ✅ routers.outbox_admin
2026-07-02T12:16:57 [INFO] bootstrap.router_registry:   ✅ routers.import_admin
2026-07-02T12:16:57 [INFO] bootstrap.router_registry:   ✅ routers.room_qr_requests
2026-07-02T12:16:57 [INFO] bootstrap.router_registry:   ✅ routers.door_reader
2026-07-02T12:16:57 [INFO] bootstrap.router_registry:   ✅ domains.pms.lock_bridge.connector_router
2026-07-02T12:16:57 [INFO] bootstrap.router_registry:   ✅ routers.physical_security
2026-07-02T12:16:57 [INFO] bootstrap.router_registry:   ✅ routers.spa_dining_packages
2026-07-02T12:16:57 [INFO] bootstrap.router_registry:   ✅ routers.procurement_b2b
2026-07-02T12:16:57 [INFO] bootstrap.router_registry:   ✅ routers.guest_relations
2026-07-02T12:16:57 [INFO] bootstrap.router_registry:   ✅ routers.cm_conflict_queue
2026-07-02T12:16:57 [INFO] bootstrap.router_registry:   ✅ channel_manager.interfaces.router_registry (optional)
2026-07-02T12:16:57 [INFO] server:   ✅ routers.missing_endpoints_compat
2026-07-02T12:16:57 [INFO] server: ✅ Supplies Marketplace routers mounted
2026-07-02T12:16:57 [INFO] server:   ✅ Webhook Admin router loaded (deliveries/DLQ/retry)
2026-07-02T12:16:57 [INFO] server:   ✅ Entitlement & Metering admin router loaded
2026-07-02T12:16:57 [INFO] server:   ✅ Deploy Pipeline router loaded
2026-07-02T12:16:57 [INFO] server:   ✅ Wire Status router loaded
2026-07-02T12:16:57 [INFO] server:   ✅ Quick-ID proxy router loaded
2026-07-02T12:16:57 [INFO] server:   ✅ WhatsApp webhook router loaded
2026-07-02T12:16:57 [INFO] server:   ✅ Integrations Overview router loaded
2026-07-02T12:16:57 [INFO] server:   ✅ Security Classification & PII router loaded
2026-07-02T12:16:57 [INFO] server:   ✅ Secret Rotation router loaded
2026-07-02T12:16:57 [INFO] server:   ✅ Field Encryption router loaded
2026-07-02T12:16:57 [INFO] server:   ✅ Notifications router loaded
2026-07-02T12:16:57 [INFO] server:   ✅ Encryption Management router loaded
INFO:     Started server process [93239]
INFO:     Waiting for application startup.
2026-07-02T12:16:57 [INFO] apm_middleware: Rate limiter profile: DEV (10000/min) | CLOUD_DEPLOYMENT= | CLOUD_INSTANCE_ID_set=False
2026-07-02T12:16:57 [INFO] bootstrap.migrations.runner: DB migration: bekleyen yok (1 migration zaten uygulanmış)
2026-07-02T12:16:57 [ERROR] server: WeasyPrint önyükleme BAŞARISIZ (cannot load library 'libgobject-2.0-0': dlopen(libgobject-2.0-0, 0x0002): tried: 'libgobject-2.0-0' (no such file), '/System/Volumes/Preboot/Cryptexes/OSlibgobject-2.0-0' (no such file), '/usr/lib/libgobject-2.0-0' (no such file, not in dyld cache), 'libgobject-2.0-0' (no such file).  Additionally, ctypes.util.find_library() did not manage to locate a library called 'libgobject-2.0-0'); PDF endpoint'leri import anında 503 verebilir — digitalocean.nix + LD_LIBRARY_PATH/VM IO baskısını incele
2026-07-02T12:16:57 [INFO] bootstrap.phases.a_security: Crypto service initialized: v2=False kid=v1 bypass=False
2026-07-02T12:16:57 [INFO] core.secrets.config: Secrets config loaded: provider=local_dev env=development legacy_fallback=True audit=True
2026-07-02T12:16:57 [INFO] core.secrets.local_dev: Secrets backend active: MongoDB-encrypted store (development mode, APP_ENV=development).
2026-07-02T12:16:57 [INFO] bootstrap.phases.a_security: Secrets manager initialized: provider=local_dev env=development
2026-07-02T12:16:57 [INFO] bootstrap.phases.a_security: PII audit indexes ensured
2026-07-02T12:16:57 [INFO] bootstrap.phases.a_security: Rotation engine indexes ensured
2026-07-02T12:16:57 [INFO] controlplane.indexes: Ensuring control plane indexes...
2026-07-02T12:16:57 [INFO] controlplane.indexes: Control plane indexes ensured.
2026-07-02T12:16:57 [ERROR] controlplane.startup_validator: STARTUP: Missing required env vars: ['CM_MASTER_KEY_CURRENT', 'CM_KEY_VERSION']
2026-07-02T12:16:57 [WARNING] controlplane.startup_validator: STARTUP: Control plane validation issues: ['Missing env vars: CM_MASTER_KEY_CURRENT, CM_KEY_VERSION']
2026-07-02T12:16:57 [INFO] bootstrap.phases.a_security: Control plane validation: fail (1 issues)
2026-07-02T12:16:57 [INFO] controlplane.timeline_writer: Event timeline indexes ensured
2026-07-02T12:16:57 [INFO] bootstrap.phases.a_security: Event timeline indexes ensured
2026-07-02T12:16:57 [INFO] bootstrap.phases.a_security: Webhook raw payload indexes ensured
2026-07-02T12:16:57 [INFO] controlplane.dashboard_aggregator: Dashboard snapshot indexes ensured
2026-07-02T12:16:57 [INFO] controlplane.dashboard_aggregator: Dashboard snapshot worker started (interval=60.0s)
2026-07-02T12:16:57 [INFO] bootstrap.phases.a_security: Dashboard snapshot worker started (60s interval)
2026-07-02T12:16:57 [INFO] controlplane.deploy_tracker: Deploy event indexes ensured
2026-07-02T12:16:57 [INFO] bootstrap.phases.a_security: Deploy event indexes ensured
2026-07-02T12:16:57 [INFO] auto_seed: ℹ️  Database already has users — skipping auto-seed.
2026-07-02T12:16:57 [INFO] bootstrap.phases.b_seed: Supplies market ensure no-op — vendor + catalogue healthy
2026-07-02T12:16:57 [INFO] core.atomic_booking: Booking indexes ensured (room-night locking + OOO/OOS enabled)
2026-07-02T12:16:57 [INFO] bootstrap.phases.c_domain: Booking overlap prevention indexes ensured
2026-07-02T12:16:57 [INFO] bootstrap.phases.c_domain: Lock-bridge indexes ensured
2026-07-02T12:16:57 [INFO] core.room_type_inventory: room_type_inventory indexes ensured
2026-07-02T12:16:57 [INFO] core.room_type_inventory: RoomTypeInventoryWorker started (interval=300s)
2026-07-02T12:16:57 [INFO] bootstrap.phases.c_domain: Room-type inventory worker started (300s interval)
2026-07-02T12:16:57 [INFO] core.booking_hold: Booking hold sweeper task created
2026-07-02T12:16:57 [INFO] bootstrap.phases.c_domain: Booking hold sweeper started
2026-07-02T12:16:57 [INFO] bootstrap.phases.c_domain: Mailing automation worker started (600s interval)
2026-07-02T12:16:57 [INFO] bootstrap.phases.c_domain: Subscription expiry worker started (3600s interval)
2026-07-02T12:16:57 [INFO] bootstrap.phases.c_domain: KVKK ID photo view alert worker started (600s interval)
2026-07-02T12:16:57 [INFO] bootstrap.phases.c_domain: Mobile push scheduler started (VIP + no-show)
2026-07-02T12:16:57 [INFO] core.booking_hold: Booking hold sweeper started (interval=60s)
2026-07-02T12:16:57 [INFO] workers.mailing_automation: [mailing-auto] worker started (interval=600s)
2026-07-02T12:16:57 [INFO] workers.subscription_expiry: [sub-expiry] worker started, interval=3600s
2026-07-02T12:16:57 [INFO] workers.id_photo_view_alert: [kvkk-id-photo-alert] worker started (interval=600s)
2026-07-02T12:16:57 [INFO] workers.mobile_push_scheduler: [mobile-push-scheduler] loop started (interval=900s)
2026-07-02T12:16:57 [INFO] bootstrap.phases.c_domain: TGA scheduler started
2026-07-02T12:16:57 [INFO] bootstrap.phases.c_domain: Report scheduler worker started
2026-07-02T12:16:57 [INFO] bootstrap.phases.c_domain: Konaklama Vergisi scheduler started
2026-07-02T12:16:57 [INFO] bootstrap.phases.c_domain: Folio reconciliation backstop scheduler started
2026-07-02T12:16:57 [INFO] workers.tga_scheduler: [tga-retry] loop started interval=60s
2026-07-02T12:16:57 [INFO] workers.tga_scheduler: [tga-scheduler] loop started interval=21600s backfill=7d
2026-07-02T12:16:57 [INFO] workers.report_scheduler_worker: [report-scheduler] loop started interval=60s
2026-07-02T12:16:57 [INFO] workers.konaklama_vergisi_scheduler: [kvb-scheduler] loop started interval=3600s
2026-07-02T12:16:57 [INFO] workers.folio_recon_scheduler: [folio-recon] loop started interval=21600s apply=False
2026-07-02T12:16:57 [INFO] bootstrap.phases.c_domain: Marketplace indexes ensured
2026-07-02T12:16:57 [INFO] core.atomic_checkin_checkout: Check-in/check-out indexes ensured
2026-07-02T12:16:57 [INFO] bootstrap.phases.c_domain: Check-in/check-out indexes ensured
2026-07-02T12:16:57 [INFO] core.folio_ledger_service: Folio ledger indexes ensured
2026-07-02T12:16:57 [INFO] core.learning_loop: Learning loop indexes ensured
2026-07-02T12:16:57 [INFO] bootstrap.phases.c_domain: Performance indexes ensured
2026-07-02T12:16:57 [INFO] bootstrap.phases.c_domain: Encrypted-PII hash indexes ensured (15 created)
2026-07-02T12:16:57 [INFO] security.field_encryption: encrypted_hash_index_verify_ok: 15 searchable `_hash_` indexes present
2026-07-02T12:16:57 [INFO] bootstrap.phases.c_domain: Search-normalize indexes ensured (16 created)
2026-07-02T12:16:57 [INFO] bootstrap.phases.c_domain: Ngram infix indexes ensured (1 created)
2026-07-02T12:16:57 [INFO] bootstrap.phases.d_perf: ✅ Agency booking request indexes created
2026-07-02T12:16:57 [INFO] bootstrap.phases.d_perf: 🚀 Initializing Redis ultra-fast cache...
2026-07-02T12:16:57 [INFO] redis_cache: ⚠️ Redis initialization failed: Error 61 connecting to 127.0.0.1:6380. Connection refused.
2026-07-02T12:16:57 [INFO] bootstrap.phases.d_perf: ✅ Redis cache initialized!
2026-07-02T12:16:57 [INFO] bootstrap.phases.d_perf: 🔥 Initializing ultra-fast cache warmer...
2026-07-02T12:16:57 [INFO] cache_warmer: 🔥 Warming caches for tenant: bb306859-9748-430f-b24a-5a0d0ea29309
2026-07-02T12:16:57 [INFO] cache_warmer:   ✅ Housekeeping endpoints pre-warmed
2026-07-02T12:16:57 [INFO] cache_warmer:   ✅ Front desk endpoints pre-warmed
2026-07-02T12:16:57 [INFO] cache_warmer:   🔍 Total rooms in DB: 30
2026-07-02T12:16:57 [INFO] cache_warmer:   🔍 Total bookings in DB: 456
2026-07-02T12:16:57 [INFO] cache_warmer:   ✅ Rooms cache warmed for tenant bb306859: 30 rooms
2026-07-02T12:16:57 [INFO] cache_warmer:   ✅ Bookings cache warmed for tenant bb306859: 50 bookings
2026-07-02T12:16:57 [INFO] cache_warmer:   ✅ Dashboard cache warmed
2026-07-02T12:16:57 [INFO] cache_warmer:   ✅ Guest/Room maps warmed for tenant bb306859: 202 guests, 30 rooms
2026-07-02T12:16:57 [INFO] cache_warmer: ✅ Cache warming complete for tenant: bb306859-9748-430f-b24a-5a0d0ea29309
2026-07-02T12:16:57 [INFO] bootstrap.phases.d_perf: ✅ Cache warmer initialized - responses will be instant!
2026-07-02T12:16:57 [INFO] bootstrap.phases.d_perf: 🚀 Initializing enterprise optimization systems...
2026-07-02T12:16:57 [INFO] bootstrap.phases.d_perf: ℹ️ No orgs with RMS enabled; skipping optimization init
2026-07-02T12:16:57 [INFO] channel_manager.unified_repository: 9-collection indexes created successfully
2026-07-02T12:16:57 [INFO] bootstrap.phases.d_perf: ✅ Channel Manager 9-collection indexes created
2026-07-02T12:16:57 [INFO] domains.guest.qr_badge.indexes: ✅ guest_qr_tokens indexes ensured
2026-07-02T12:16:57 [INFO] domains.guest.qr_badge.indexes: ✅ pending_qr_charges indexes ensured
2026-07-02T12:16:57 [INFO] bootstrap.phases.d_perf: ✅ Tenant uniqueness indexes ensured (hotel_id, username, performance_reviews, shift_schedule_locks, hr_coverage_rules)
2026-07-02T12:16:57 [INFO] bootstrap.phases.d_perf: ✅ Sales CRM piggyback indexes ensured (mice_opportunities, mice_opportunity_activities)
2026-07-02T12:16:57 [INFO] bootstrap.phases.d_perf: 🚀 Running comprehensive database optimization...
2026-07-02T12:16:57 [INFO] bootstrap.phases.d_perf: ✅ Shift lock backfill complete: scanned=0 upserted=0
2026-07-02T12:16:57 [WARNING] core.room_type_inventory: Inventory drift detected for tenant bb306859-9748-430f-b24a-5a0d0ea29309: 1 drifts
2026-07-02T12:16:57 [INFO] infra.database_optimizer: ✅ All indexes created successfully: {'bookings': {'created': 1, 'indexes': ['guest_name_text']}, 'guests': {'created': 6, 'indexes': ['phone_1', 'id_number_1', 'tags_1', 'created_at_-1', 'name_text', 'idx_guests_tenant_email_unique']}, 'rooms': {'created': 2, 'indexes': ['room_type_1', 'floor_1']}, 'folios': {'created': 0, 'indexes': []}, 'users': {'created': 2, 'indexes': ['role_1', 'uniq_users_hash_email']}, 'tasks': {'created': 6, 'indexes': ['room_id_1', 'status_1', 'assigned_to_1', 'created_at_-1', 'task_type_1', 'status_1_created_at_-1']}, 'audit_logs': {'created': 6, 'indexes': ['user_id_1', 'action_1', 'timestamp_-1', 'resource_type_1', 'timestamp_-1_user_id_1', 'timestamp_1']}, 'reports': {'created': 2, 'indexes': ['date_-1', 'generated_at_-1']}, 'tenant_compound': {'created': 14}}
2026-07-02T12:16:57 [INFO] bootstrap.phases.d_perf: ✅ Database optimization complete: 39 indexes ensured
2026-07-02T12:16:57 [INFO] bootstrap.phases.d_perf: 🚀 Creating performance indexes for large-scale operations...
2026-07-02T12:16:57 [INFO] core.outbox_service: OTA outbox indexes ensured
2026-07-02T12:16:57 [INFO] bootstrap.phases.e_outbox: Outbox pattern indexes ensured (OTA-002)
2026-07-02T12:16:57 [INFO] core.outbox_worker: OTA Outbox Worker started: 192.168.1.139:93239:21d83714
2026-07-02T12:16:57 [INFO] bootstrap.phases.e_outbox: OTA Outbox Worker started (guaranteed delivery)
2026-07-02T12:16:57 [INFO] core.metering: Metering indexes ensured
2026-07-02T12:16:57 [INFO] bootstrap.phases.d_perf: ✅ Usage metering indexes ensured
2026-07-02T12:16:57 [INFO] core.feature_flags: Feature flag indexes ensured
2026-07-02T12:16:57 [INFO] bootstrap.phases.d_perf: ✅ Feature flag indexes ensured
2026-07-02T12:16:57 [INFO] core.import_bridge_service: Import bridge indexes ensured (DATA-001)
2026-07-02T12:16:57 [INFO] bootstrap.phases.e_outbox: Import bridge indexes ensured (DATA-001)
2026-07-02T12:16:57 [INFO] core.import_retry_worker: Import Retry Worker started: import-192.168.1.139:93239:bd3db057
2026-07-02T12:16:57 [INFO] bootstrap.phases.e_outbox: Import Retry Worker started (DATA-001)
2026-07-02T12:16:57 [INFO] bootstrap.phases.d_perf: ✅ Deploy pipeline indexes ensured
2026-07-02T12:16:57 [INFO] bootstrap.phases.d_perf: ✅ Boot phase D unique-index gate complete — readiness probe is now green (redundant cleanup continues in BG tail)
2026-07-02T12:16:57 [INFO] shared_kernel.outbox_lifecycle: Outbox lifecycle worker started owner_id=192.168.1.139:93239:43107050
2026-07-02T12:16:57 [INFO] bootstrap.phases.e_outbox: Legacy outbox lifecycle worker started
2026-07-02T12:16:57 [INFO] bootstrap.phases.e_outbox: ✅ Af-sadakat outbound dispatcher started
2026-07-02T12:16:57 [INFO] core.afsadakat_outbound: [afsadakat-out] dispatcher loop started
2026-07-02T12:16:57 [INFO] core.outbox_worker: Outbox event processed: 65f61829-b250-45e2-925d-4d3f3accc3b7 type=booking.cancelled.v1 msg=Dispatched: 0 sync jobs created
2026-07-02T12:16:57 [ERROR] channel_manager.infrastructure.indexes: Failed to create CM indexes: Index already exists with a different name: idx_cm_import_status, full error: {'ok': 0.0, 'errmsg': 'Index already exists with a different name: idx_cm_import_status', 'code': 85, 'codeName': 'IndexOptionsConflict'}
2026-07-02T12:16:57 [INFO] bootstrap.phases.e_outbox: ✅ Channel Manager v2 indexes created
2026-07-02T12:16:57 [INFO] event_bus.abstraction: Event bus initialized in IN_MEMORY mode (no REDIS_URL)
2026-07-02T12:16:57 [INFO] bootstrap.phases.e_outbox: ✅ Event Bus initialized in IN_MEMORY mode
2026-07-02T12:16:57 [INFO] persistence.repositories: MongoDB indexes ensured for 8 repositories
2026-07-02T12:16:57 [INFO] bootstrap.phases.e_outbox: ✅ Persistence repository indexes ensured
2026-07-02T12:16:58 [INFO] infra.redis_cluster: REDIS_URL not set — Redis disabled
2026-07-02T12:16:58 [INFO] infra.ws_redis_adapter: WS Redis adapter: no Redis, using local-only mode
2026-07-02T12:16:58 [INFO] bootstrap.phases.f_hardening: ℹ️ Infrastructure Hardening: Redis unavailable, WS adapter running in local-only mode
2026-07-02T12:16:58 [INFO] infra.observability: OTEL_EXPORTER_ENDPOINT not set — tracing disabled
2026-07-02T12:16:58 [INFO] infra.observability: SENTRY_DSN not set — Sentry disabled
2026-07-02T12:16:58 [INFO] bootstrap.phases.f_hardening: ✅ Cloud observability initialized
2026-07-02T12:16:58 [WARNING] infra.production_config: Startup check — missing critical vars: ['MONGO_URL', 'CORS_ORIGINS', 'VAPID_PUBLIC_KEY', 'VAPID_PRIVATE_KEY']
2026-07-02T12:16:58 [WARNING] infra.production_config: Startup check — Web Push VAPID keys are not set (['VAPID_PUBLIC_KEY', 'VAPID_PRIVATE_KEY']). Development fallback (db-persisted auto-generated keypair) will be used; production deploys will refuse to start without these env vars.
2026-07-02T12:16:58 [INFO] bootstrap.phases.f_hardening: ✅ Production Go-Live validators initialized (config: fail)
2026-07-02T12:16:58 [INFO] domains.channel_manager.ari.outbound_service: Registered ARI adapter: hotelrunner
2026-07-02T12:16:58 [INFO] domains.channel_manager.ari.outbound_service: Registered ARI adapter: exely
2026-07-02T12:16:58 [INFO] bootstrap.phases.d_perf: ✅ Redundant index cleanup: 45 dropped → users.tenant_id_1, bookings.idx_booking_room_status, bookings.idx_b_tid_chkin, bookings.idx_b_tid_chkout, bookings.idx_booking_tenant_guest, bookings.guest_id_1, bookings.guest_id_1_check_in_-1, bookings.room_id_1, bookings.room_id_1_check_in_-1, bookings.check_in_-1, bookings.check_in_-1_status_1, bookings.check_out_-1, bookings.created_at_-1, bookings.created_at_-1_status_1, bookings.status_1, bookings.status_1_check_in_-1, bookings.status_1_check_out_-1, bookings.status_1_room_type_1, bookings.channel_1, rooms.status_1, rooms.status_1_room_type_1, rooms.room_number_1, rooms.room_type_1, rooms.floor_1, bookings.idx_b_tid_id, bookings.idx_b_tid_status, bookings.idx_b_tid_status_chkin, bookings.idx_b_tid_room, bookings.idx_b_tid_guest, bookings.idx_b_tid_created, folios.booking_id_1, folios.guest_id_1, folios.status_1, folios.created_at_-1, folios.folio_type_1, folios.booking_id_1_folio_type_1, folios.idx_f_tid_booking, folios.idx_folio_tenant_booking, folios.idx_f_tid_status, housekeeping_tasks.idx_hk_tid_status, housekeeping_tasks.idx_hk_tid_done, housekeeping_tasks.room_id_1, housekeeping_tasks.assigned_to_1, housekeeping_tasks.status_1, housekeeping_tasks.task_type_1
2026-07-02T12:16:58 [INFO] bootstrap.phases.d_perf: ✅ Boot phase D BG tail complete (readiness was already green)
2026-07-02T12:16:58 [INFO] bootstrap.phases.g_channels: ✅ ARI Push Engine initialized (HotelRunner + Exely adapters)
2026-07-02T12:16:58 [INFO] monitoring.worker: Monitoring worker started (300s interval)
2026-07-02T12:16:58 [INFO] bootstrap.phases.g_channels: ✅ Operational Monitoring worker started (60s interval)
2026-07-02T12:16:58 [INFO] domains.channel_manager.providers.exely.exely_pull_worker: [EXELY-PULL] Scheduler started: every 180s
2026-07-02T12:16:58 [INFO] bootstrap.phases.g_channels: ✅ Exely Pull Scheduler started (180s interval, auto-import enabled)
2026-07-02T12:16:58 [INFO] domains.channel_manager.providers.sync_scheduler: [PULL] Scheduler started: every 180s, safety window 5min
2026-07-02T12:16:58 [INFO] bootstrap.phases.g_channels: HotelRunner Pull Scheduler started (180s interval, adaptive backoff active)
2026-07-02T12:16:58 [INFO] domains.channel_manager.hr_push_queue_worker: [HR-QUEUE] Worker started (check every 120s)
2026-07-02T12:16:58 [INFO] bootstrap.phases.g_channels: HotelRunner Push Queue Worker started (120s interval)
2026-07-02T12:16:58 [INFO] core.night_audit_hardened: Night audit hardening indexes ensured (NA-001/NA-002)
2026-07-02T12:16:58 [INFO] bootstrap.phases.g_channels: ✅ Night audit hardening indexes ensured (NA-001/NA-002)
2026-07-02T12:16:58 [INFO] bootstrap.phases.g_channels: ✅ Web Push cleanup worker started
2026-07-02T12:16:58 [INFO] bootstrap.phases.g_channels: ✅ Check-in ID photo cleanup worker started
2026-07-02T12:16:58 [INFO] domains.guest.messaging.web_push_cleanup: web_push_cleanup: worker started (interval=86400s)
2026-07-02T12:16:58 [INFO] domains.guest.checkin_id_photo_cleanup: checkin_id_photo_cleanup: worker started (interval=3600s)
2026-07-02T12:16:58 [INFO] bootstrap.phases.g_channels: ℹ️ CapX not configured (env+tenant boş); availability scheduler not started
2026-07-02T12:16:58 [INFO] channel_manager.availability_reconciliation: [AVAIL-RECON] Worker started: 900s interval
2026-07-02T12:16:58 [INFO] bootstrap.phases.g_channels: ✅ Availability Reconciliation Worker started (15min interval)
2026-07-02T12:16:58 [INFO] domains.pms.notification_router: notifications: ensured (user_id, created_at) compound indexes
2026-07-02T12:16:58 [INFO] monitoring.worker: Monitoring cycle #1: health=critical, alerts_created=0, alerts_resolved=0
2026-07-02T12:16:58 [INFO] index_backstops: UNIQUE_INDEX_BACKSTOP_ACTIVE backstop=uniq_mice_acc_client_taxno collection=mice_accounts — duplicate-prevention safeguard enforced
2026-07-02T12:16:58 [INFO] index_backstops: UNIQUE_INDEX_BACKSTOP_ACTIVE backstop=uniq_mice_acc_client_email collection=mice_accounts — duplicate-prevention safeguard enforced
2026-07-02T12:16:58 [INFO] index_backstops: UNIQUE_INDEX_BACKSTOP_ACTIVE backstop=uniq_corp_contract_rate_code collection=corporate_contracts — duplicate-prevention safeguard enforced
2026-07-02T12:16:58 [INFO] index_backstops: UNIQUE_INDEX_BACKSTOP_ACTIVE backstop=uniq_corp_contract_contact_email collection=corporate_contracts — duplicate-prevention safeguard enforced
2026-07-02T12:16:58 [INFO] scripts.create_operator_admin: ensure_operator_admin: secrets not set, skipping
INFO:     Application startup complete.
INFO:     Uvicorn running on http://0.0.0.0:8000 (Press CTRL+C to quit)
2026-07-02T12:16:58 [INFO] hotelrunner.client: [HR] GET /api/v2/apps/reservations -> 200 (343ms) [3f352b1a-6e7]
2026-07-02T12:16:58 [INFO] hotelrunner.observability: [HR-OBS] GET /api/v2/apps/reservations -> 200 (343ms) success=True conn= corr=
2026-07-02T12:16:58 [INFO] hotelrunner.client: [HR] GET /api/v2/apps/reservations -> 200 (158ms) [1bf37613-774]
2026-07-02T12:16:58 [INFO] hotelrunner.observability: [HR-OBS] GET /api/v2/apps/reservations -> 200 (159ms) success=True conn= corr=
2026-07-02T12:16:58 [INFO] domains.channel_manager.providers.sync_scheduler: [PULL] Tenant bb306859-9748-430f-b24a-5a0d0ea29309: fetched 0, processed 0, fired 0, mod_a5 0, individual_a6 0, catchup 0, updated 0
2026-07-02T12:16:58 [INFO] exely.client: [EXELY] SOAP https://www.hopenapi.com/Api/PMSConnect/HotelAvailRQ -> 200 (871ms) [0c937d1c-88f]
2026-07-02T12:16:58 [INFO] exely.observability: [EXELY-OBS] OTA_HotelAvailRQ -> 874ms success=True conn= corr=
2026-07-02T12:16:58 [INFO] domains.channel_manager.providers.exely.exely_pull_worker: [EXELY-PULL] Heartbeat for bb306859-9748-430f-b24a-5a0d0ea29309: success=True
2026-07-02T12:16:59 [INFO] exely.client: [EXELY] SOAP https://www.hopenapi.com/Api/PMSConnect/HotelReadReservationRQ -> 200 (505ms) [f38ad701-e01]
2026-07-02T12:16:59 [INFO] exely.client: [EXELY] READRQ RESPONSE [f38ad701-e01]:
<s:Envelope xmlns:s="http://schemas.xmlsoap.org/soap/envelope/"><s:Body xmlns:xsi="http://www.w3.org/2001/XMLSchema-instance" xmlns:xsd="http://www.w3.org/2001/XMLSchema"><OTA_ResRetrieveRS Version="1.0" xmlns="http://www.opentravel.org/OTA/2003/05"><Success/></OTA_ResRetrieveRS></s:Body></s:Envelope>
2026-07-02T12:16:59 [INFO] exely.observability: [EXELY-OBS] OTA_ReadRQ -> 507ms success=True conn= corr=
2026-07-02T12:16:59 [INFO] domains.channel_manager.providers.exely.auto_import: [EXELY-IMPORT] Tenant bb306859-9748-430f-b24a-5a0d0ea29309: 0/0 imported, 0 updated
2026-07-02T12:16:59 [INFO] domains.channel_manager.providers.exely.exely_pull_worker: [EXELY-PULL] Auto-import: 0/0 imported, 0 updated
2026-07-02T12:16:59 [INFO] domains.channel_manager.providers.exely.exely_pull_worker: [EXELY-PULL] Tenant bb306859-9748-430f-b24a-5a0d0ea29309: fetched 0, processed 0
/Users/syroce/Documents/GitHub/SyrocePMS/backend/.venv/lib/python3.13/site-packages/jwt/api_jwt.py:147: InsecureKeyLengthWarning: The HMAC key is 5 bytes long, which is below the minimum recommended length of 32 bytes for SHA256. See RFC 7518 Section 3.2.
  return self._jws.encode(

-----

WeasyPrint could not import some external libraries. Please carefully follow the installation steps before reporting an issue:
https://doc.courtbouillon.org/weasyprint/stable/first_steps.html#installation
https://doc.courtbouillon.org/weasyprint/stable/first_steps.html#troubleshooting 

-----

INFO:     127.0.0.1:52284 - "POST /api/auth/login HTTP/1.1" 200 OK
/Users/syroce/Documents/GitHub/SyrocePMS/backend/.venv/lib/python3.13/site-packages/jwt/api_jwt.py:368: InsecureKeyLengthWarning: The HMAC key is 5 bytes long, which is below the minimum recommended length of 32 bytes for SHA256. See RFC 7518 Section 3.2.
  decoded = self.decode_complete(
INFO:     127.0.0.1:52287 - "GET /api/auth/me HTTP/1.1" 200 OK
AbUDtlEti5sN0Qf1AAAA: Sending packet OPEN data {'sid': 'AbUDtlEti5sN0Qf1AAAA', 'upgrades': [], 'pingTimeout': 20000, 'pingInterval': 25000, 'maxPayload': 1000000}
2026-07-02T12:17:11 [INFO] engineio.server: AbUDtlEti5sN0Qf1AAAA: Sending packet OPEN data {'sid': 'AbUDtlEti5sN0Qf1AAAA', 'upgrades': [], 'pingTimeout': 20000, 'pingInterval': 25000, 'maxPayload': 1000000}
AbUDtlEti5sN0Qf1AAAA: Received request to upgrade to websocket
2026-07-02T12:17:11 [INFO] engineio.server: AbUDtlEti5sN0Qf1AAAA: Received request to upgrade to websocket
INFO:     ('127.0.0.1', 52298) - "WebSocket /ws/socket.io/?EIO=4&transport=websocket" [accepted]
AbUDtlEti5sN0Qf1AAAA: Upgrade to websocket successful
2026-07-02T12:17:11 [INFO] engineio.server: AbUDtlEti5sN0Qf1AAAA: Upgrade to websocket successful
INFO:     connection open
AbUDtlEti5sN0Qf1AAAA: Received packet MESSAGE data 0{"token":"eyJhbGciOiJIUzI1NiIsInR5cCI6IkpXVCJ9.eyJ1c2VyX2lkIjoiNWZiYTY1Y2ItNmYyOC00NTM5LTk2MzAtMmZiYzI4YWUwZTNiIiwidGVuYW50X2lkIjoiYmIzMDY4NTktOTc0OC00MzBmLWIyNGEtNWEwZDBlYTI5MzA5IiwiaWF0IjoxNzgyOTgzODMxLCJqdGkiOiJ2dFdWZ2ZaSWJmZ1Zid3cwaFRqbVBnIiwiZXhwIjoxNzgyOTg0NzMxLCJ0eXBlIjoiYWNjZXNzIn0.O9Vf7-jG1xGN4HgzE0z8-y3mHmLSYnqzu8Wvc83Txio"}
2026-07-02T12:17:11 [INFO] engineio.server: AbUDtlEti5sN0Qf1AAAA: Received packet MESSAGE data 0{"token":"***JWT***"}
2026-07-02T12:17:11 [INFO] websocket_server: Client connected: KhYMxI8WVt5u_GFbAAAB
KhYMxI8WVt5u_GFbAAAB is entering room internal_chat:bb306859-9748-430f-b24a-5a0d0ea29309:user:5fba65cb-6f28-4539-9630-2fbc28ae0e3b [/]
2026-07-02T12:17:11 [INFO] socketio.server: KhYMxI8WVt5u_GFbAAAB is entering room internal_chat:bb306859-9748-430f-b24a-5a0d0ea29309:user:5fba65cb-6f28-4539-9630-2fbc28ae0e3b [/]
KhYMxI8WVt5u_GFbAAAB is entering room internal_chat:bb306859-9748-430f-b24a-5a0d0ea29309:broadcast [/]
2026-07-02T12:17:11 [INFO] socketio.server: KhYMxI8WVt5u_GFbAAAB is entering room internal_chat:bb306859-9748-430f-b24a-5a0d0ea29309:broadcast [/]
KhYMxI8WVt5u_GFbAAAB is entering room pms:bb306859-9748-430f-b24a-5a0d0ea29309 [/]
2026-07-02T12:17:11 [INFO] socketio.server: KhYMxI8WVt5u_GFbAAAB is entering room pms:bb306859-9748-430f-b24a-5a0d0ea29309 [/]
2026-07-02T12:17:11 [INFO] websocket_server: Socket KhYMxI8WVt5u_GFbAAAB authenticated user=5fba65cb-6f28-4539-9630-2fbc28ae0e3b tenant=bb306859-9748-430f-b24a-5a0d0ea29309 dept=None → joined 3 internal_chat rooms
emitting event "connection_established" to KhYMxI8WVt5u_GFbAAAB [/]
2026-07-02T12:17:11 [INFO] socketio.server: emitting event "connection_established" to KhYMxI8WVt5u_GFbAAAB [/]
AbUDtlEti5sN0Qf1AAAA: Sending packet MESSAGE data 2["connection_established",{"sid":"KhYMxI8WVt5u_GFbAAAB","authenticated":true,"timestamp":"2026-07-02T09:17:11.455686"}]
2026-07-02T12:17:11 [INFO] engineio.server: AbUDtlEti5sN0Qf1AAAA: Sending packet MESSAGE data 2["connection_established",{"sid":"KhYMxI8WVt5u_GFbAAAB","authenticated":true,"timestamp":"2026-07-02T09:17:11.455686"}]
AbUDtlEti5sN0Qf1AAAA: Sending packet MESSAGE data 0{"sid":"KhYMxI8WVt5u_GFbAAAB"}
2026-07-02T12:17:11 [INFO] engineio.server: AbUDtlEti5sN0Qf1AAAA: Sending packet MESSAGE data 0{"sid":"KhYMxI8WVt5u_GFbAAAB"}
qfySrx9ytFu6s9-KAAAC: Sending packet OPEN data {'sid': 'qfySrx9ytFu6s9-KAAAC', 'upgrades': [], 'pingTimeout': 20000, 'pingInterval': 25000, 'maxPayload': 1000000}
2026-07-02T12:17:11 [INFO] engineio.server: qfySrx9ytFu6s9-KAAAC: Sending packet OPEN data {'sid': 'qfySrx9ytFu6s9-KAAAC', 'upgrades': [], 'pingTimeout': 20000, 'pingInterval': 25000, 'maxPayload': 1000000}
qfySrx9ytFu6s9-KAAAC: Received request to upgrade to websocket
2026-07-02T12:17:11 [INFO] engineio.server: qfySrx9ytFu6s9-KAAAC: Received request to upgrade to websocket
INFO:     ('127.0.0.1', 52301) - "WebSocket /ws/socket.io/?EIO=4&transport=websocket" [accepted]
qfySrx9ytFu6s9-KAAAC: Upgrade to websocket successful
2026-07-02T12:17:11 [INFO] engineio.server: qfySrx9ytFu6s9-KAAAC: Upgrade to websocket successful
INFO:     127.0.0.1:52290 - "GET /api/pms/hotel-settings HTTP/1.1" 200 OK
INFO:     127.0.0.1:52288 - "GET /api/subscription/current HTTP/1.1" 200 OK
INFO:     connection open
INFO:     127.0.0.1:52295 - "GET /api/messaging/internal/inbox?unread_only=true&limit=1 HTTP/1.1" 200 OK
INFO:     127.0.0.1:52289 - "GET /api/onboarding/progress HTTP/1.1" 200 OK
qfySrx9ytFu6s9-KAAAC: Received packet MESSAGE data 0{"token":"eyJhbGciOiJIUzI1NiIsInR5cCI6IkpXVCJ9.eyJ1c2VyX2lkIjoiNWZiYTY1Y2ItNmYyOC00NTM5LTk2MzAtMmZiYzI4YWUwZTNiIiwidGVuYW50X2lkIjoiYmIzMDY4NTktOTc0OC00MzBmLWIyNGEtNWEwZDBlYTI5MzA5IiwiaWF0IjoxNzgyOTgzODMxLCJqdGkiOiJ2dFdWZ2ZaSWJmZ1Zid3cwaFRqbVBnIiwiZXhwIjoxNzgyOTg0NzMxLCJ0eXBlIjoiYWNjZXNzIn0.O9Vf7-jG1xGN4HgzE0z8-y3mHmLSYnqzu8Wvc83Txio"}
2026-07-02T12:17:11 [INFO] engineio.server: qfySrx9ytFu6s9-KAAAC: Received packet MESSAGE data 0{"token":"***JWT***"}
2026-07-02T12:17:11 [INFO] websocket_server: Client connected: F4JOtLnaKN6k-nanAAAD
F4JOtLnaKN6k-nanAAAD is entering room internal_chat:bb306859-9748-430f-b24a-5a0d0ea29309:user:5fba65cb-6f28-4539-9630-2fbc28ae0e3b [/]
2026-07-02T12:17:11 [INFO] socketio.server: F4JOtLnaKN6k-nanAAAD is entering room internal_chat:bb306859-9748-430f-b24a-5a0d0ea29309:user:5fba65cb-6f28-4539-9630-2fbc28ae0e3b [/]
F4JOtLnaKN6k-nanAAAD is entering room internal_chat:bb306859-9748-430f-b24a-5a0d0ea29309:broadcast [/]
2026-07-02T12:17:11 [INFO] socketio.server: F4JOtLnaKN6k-nanAAAD is entering room internal_chat:bb306859-9748-430f-b24a-5a0d0ea29309:broadcast [/]
F4JOtLnaKN6k-nanAAAD is entering room pms:bb306859-9748-430f-b24a-5a0d0ea29309 [/]
2026-07-02T12:17:11 [INFO] socketio.server: F4JOtLnaKN6k-nanAAAD is entering room pms:bb306859-9748-430f-b24a-5a0d0ea29309 [/]
2026-07-02T12:17:11 [INFO] websocket_server: Socket F4JOtLnaKN6k-nanAAAD authenticated user=5fba65cb-6f28-4539-9630-2fbc28ae0e3b tenant=bb306859-9748-430f-b24a-5a0d0ea29309 dept=None → joined 3 internal_chat rooms
emitting event "connection_established" to F4JOtLnaKN6k-nanAAAD [/]
2026-07-02T12:17:11 [INFO] socketio.server: emitting event "connection_established" to F4JOtLnaKN6k-nanAAAD [/]
qfySrx9ytFu6s9-KAAAC: Sending packet MESSAGE data 2["connection_established",{"sid":"F4JOtLnaKN6k-nanAAAD","authenticated":true,"timestamp":"2026-07-02T09:17:11.479217"}]
2026-07-02T12:17:11 [INFO] engineio.server: qfySrx9ytFu6s9-KAAAC: Sending packet MESSAGE data 2["connection_established",{"sid":"F4JOtLnaKN6k-nanAAAD","authenticated":true,"timestamp":"2026-07-02T09:17:11.479217"}]
qfySrx9ytFu6s9-KAAAC: Sending packet MESSAGE data 0{"sid":"F4JOtLnaKN6k-nanAAAD"}
2026-07-02T12:17:11 [INFO] engineio.server: qfySrx9ytFu6s9-KAAAC: Sending packet MESSAGE data 0{"sid":"F4JOtLnaKN6k-nanAAAD"}
INFO:     127.0.0.1:52310 - "GET /api/pms/dashboard HTTP/1.1" 200 OK
INFO:     127.0.0.1:52309 - "GET /api/notifications/list?limit=20 HTTP/1.1" 200 OK
INFO:     127.0.0.1:52308 - "GET /api/notifications/push-status HTTP/1.1" 200 OK
INFO:     127.0.0.1:52311 - "GET /api/invoices/stats HTTP/1.1" 200 OK
INFO:     127.0.0.1:52312 - "GET /api/night-audit/business-date HTTP/1.1" 200 OK
INFO:     127.0.0.1:52315 - "GET /api/ai/dashboard/briefing?lang=en HTTP/1.1" 200 OK
INFO:     127.0.0.1:52324 - "GET /api/analytics/occupancy-trend?days=30 HTTP/1.1" 200 OK
INFO:     127.0.0.1:52325 - "GET /api/analytics/revenue-trend?days=30 HTTP/1.1" 200 OK
INFO:     127.0.0.1:52326 - "GET /api/analytics/booking-trends?days=30 HTTP/1.1" 200 OK
INFO:     127.0.0.1:52327 - "GET /api/rms/demand-heatmap?days=30 HTTP/1.1" 200 OK
INFO:     127.0.0.1:52330 - "GET /api/pms/operational-alerts HTTP/1.1" 200 OK
INFO:     connection closed
2026-07-02T12:17:12 [INFO] websocket_server: Client disconnected: F4JOtLnaKN6k-nanAAAD
2026-07-02T12:17:12 [INFO] websocket_server: Removed F4JOtLnaKN6k-nanAAAD from room: internal-chat
INFO:     connection closed
2026-07-02T12:17:12 [INFO] websocket_server: Client disconnected: KhYMxI8WVt5u_GFbAAAB
2026-07-02T12:17:12 [INFO] websocket_server: Removed KhYMxI8WVt5u_GFbAAAB from room: internal-chat
INFO:     127.0.0.1:52333 - "POST /api/auth/login HTTP/1.1" 200 OK
INFO:     127.0.0.1:52338 - "GET /api/pms/available-rooms?check_in=2026-08-01&check_out=2026-08-02 HTTP/1.1" 200 OK
INFO:     127.0.0.1:52343 - "PUT /api/housekeeping/room/390422a7-b386-4d8b-88e4-e1acac851c30/status?new_status=available HTTP/1.1" 200 OK
2026-07-02T12:17:13 [INFO] core.atomic_booking: Atomic booking created: d9ea2ee9-79dc-472f-a990-dd85670ea05b room=390422a7-b386-4d8b-88e4-e1acac851c30 2026-08-01T00:00:00->2026-08-02T00:00:00 (1 nights locked)
2026-07-02T12:17:13 [INFO] core.outbox_service: Outbox event enqueued: id=8e768f11-32d7-40f9-abfb-e45bb7f6643a type=booking.created.v1 entity=booking/d9ea2ee9-79dc-472f-a990-dd85670ea05b provider=fan-out
INFO:     127.0.0.1:52346 - "POST /api/pms/quick-booking HTTP/1.1" 200 OK
2026-07-02T12:17:14 [INFO] core.outbox_worker: Outbox event processed: 8e768f11-32d7-40f9-abfb-e45bb7f6643a type=booking.created.v1 msg=Dispatched: 0 sync jobs created
INFO:     127.0.0.1:52349 - "POST /api/pms/bookings HTTP/1.1" 409 Conflict
2026-07-02T12:17:14 [INFO] core.atomic_booking: Released 1 night locks for booking d9ea2ee9-79dc-472f-a990-dd85670ea05b (reason=cancelled:E2E conflict test (reset for UI step))
2026-07-02T12:17:14 [INFO] core.outbox_service: Outbox event enqueued: id=352c301b-1355-41d5-8bbe-817312a9bd3e type=booking.cancelled.v1 entity=booking/d9ea2ee9-79dc-472f-a990-dd85670ea05b provider=fan-out
INFO:     127.0.0.1:52352 - "POST /api/pms-core/cancel HTTP/1.1" 200 OK
INFO:     127.0.0.1:52368 - "GET /api/auth/me HTTP/1.1" 200 OK
2026-07-02T12:17:14 [INFO] channel_manager.availability_auto_sync: [AVAIL-AUTO-SYNC] tenant=bb306859-9748-430f-b24a-5a0d0ea29309 room_type=Junior Suite tarih=2026-08-01→2026-08-02 avail={'2026-08-01': 2}
INFO:     127.0.0.1:52371 - "GET /api/pms/hotel-settings HTTP/1.1" 200 OK
INFO:     127.0.0.1:52372 - "GET /api/messaging/internal/inbox?unread_only=true&limit=1 HTTP/1.1" 200 OK
5l7ga4L7lT99Uw6mAAAE: Sending packet OPEN data {'sid': '5l7ga4L7lT99Uw6mAAAE', 'upgrades': [], 'pingTimeout': 20000, 'pingInterval': 25000, 'maxPayload': 1000000}
2026-07-02T12:17:14 [INFO] engineio.server: 5l7ga4L7lT99Uw6mAAAE: Sending packet OPEN data {'sid': '5l7ga4L7lT99Uw6mAAAE', 'upgrades': [], 'pingTimeout': 20000, 'pingInterval': 25000, 'maxPayload': 1000000}
5l7ga4L7lT99Uw6mAAAE: Received request to upgrade to websocket
2026-07-02T12:17:14 [INFO] engineio.server: 5l7ga4L7lT99Uw6mAAAE: Received request to upgrade to websocket
INFO:     ('127.0.0.1', 52375) - "WebSocket /ws/socket.io/?EIO=4&transport=websocket" [accepted]
5l7ga4L7lT99Uw6mAAAE: Upgrade to websocket successful
2026-07-02T12:17:14 [INFO] engineio.server: 5l7ga4L7lT99Uw6mAAAE: Upgrade to websocket successful
INFO:     connection open
5l7ga4L7lT99Uw6mAAAE: Received packet MESSAGE data 0{"token":"eyJhbGciOiJIUzI1NiIsInR5cCI6IkpXVCJ9.eyJ1c2VyX2lkIjoiNWZiYTY1Y2ItNmYyOC00NTM5LTk2MzAtMmZiYzI4YWUwZTNiIiwidGVuYW50X2lkIjoiYmIzMDY4NTktOTc0OC00MzBmLWIyNGEtNWEwZDBlYTI5MzA5IiwiaWF0IjoxNzgyOTgzODMxLCJqdGkiOiJ2dFdWZ2ZaSWJmZ1Zid3cwaFRqbVBnIiwiZXhwIjoxNzgyOTg0NzMxLCJ0eXBlIjoiYWNjZXNzIn0.O9Vf7-jG1xGN4HgzE0z8-y3mHmLSYnqzu8Wvc83Txio"}
2026-07-02T12:17:14 [INFO] engineio.server: 5l7ga4L7lT99Uw6mAAAE: Received packet MESSAGE data 0{"token":"***JWT***"}
2026-07-02T12:17:14 [INFO] websocket_server: Client connected: xl5J3tY7UPHwiW8UAAAF
xl5J3tY7UPHwiW8UAAAF is entering room internal_chat:bb306859-9748-430f-b24a-5a0d0ea29309:user:5fba65cb-6f28-4539-9630-2fbc28ae0e3b [/]
2026-07-02T12:17:14 [INFO] socketio.server: xl5J3tY7UPHwiW8UAAAF is entering room internal_chat:bb306859-9748-430f-b24a-5a0d0ea29309:user:5fba65cb-6f28-4539-9630-2fbc28ae0e3b [/]
xl5J3tY7UPHwiW8UAAAF is entering room internal_chat:bb306859-9748-430f-b24a-5a0d0ea29309:broadcast [/]
2026-07-02T12:17:14 [INFO] socketio.server: xl5J3tY7UPHwiW8UAAAF is entering room internal_chat:bb306859-9748-430f-b24a-5a0d0ea29309:broadcast [/]
xl5J3tY7UPHwiW8UAAAF is entering room pms:bb306859-9748-430f-b24a-5a0d0ea29309 [/]
2026-07-02T12:17:14 [INFO] socketio.server: xl5J3tY7UPHwiW8UAAAF is entering room pms:bb306859-9748-430f-b24a-5a0d0ea29309 [/]
2026-07-02T12:17:14 [INFO] websocket_server: Socket xl5J3tY7UPHwiW8UAAAF authenticated user=5fba65cb-6f28-4539-9630-2fbc28ae0e3b tenant=bb306859-9748-430f-b24a-5a0d0ea29309 dept=None → joined 3 internal_chat rooms
emitting event "connection_established" to xl5J3tY7UPHwiW8UAAAF [/]
2026-07-02T12:17:14 [INFO] socketio.server: emitting event "connection_established" to xl5J3tY7UPHwiW8UAAAF [/]
5l7ga4L7lT99Uw6mAAAE: Sending packet MESSAGE data 2["connection_established",{"sid":"xl5J3tY7UPHwiW8UAAAF","authenticated":true,"timestamp":"2026-07-02T09:17:14.938336"}]
2026-07-02T12:17:14 [INFO] engineio.server: 5l7ga4L7lT99Uw6mAAAE: Sending packet MESSAGE data 2["connection_established",{"sid":"xl5J3tY7UPHwiW8UAAAF","authenticated":true,"timestamp":"2026-07-02T09:17:14.938336"}]
5l7ga4L7lT99Uw6mAAAE: Sending packet MESSAGE data 0{"sid":"xl5J3tY7UPHwiW8UAAAF"}
2026-07-02T12:17:14 [INFO] engineio.server: 5l7ga4L7lT99Uw6mAAAE: Sending packet MESSAGE data 0{"sid":"xl5J3tY7UPHwiW8UAAAF"}
INFO:     127.0.0.1:52377 - "GET /api/notifications/list?limit=20 HTTP/1.1" 200 OK
INFO:     127.0.0.1:52378 - "GET /api/night-audit/business-date HTTP/1.1" 200 OK
INFO:     127.0.0.1:52376 - "GET /api/notifications/push-status HTTP/1.1" 200 OK
INFO:     127.0.0.1:52383 - "GET /api/pms/rooms HTTP/1.1" 200 OK
INFO:     127.0.0.1:52385 - "GET /api/pms/guests HTTP/1.1" 200 OK
INFO:     127.0.0.1:52384 - "GET /api/pms/bookings?start_date=2026-06-22&end_date=2026-07-20&limit=500 HTTP/1.1" 200 OK
INFO:     127.0.0.1:52390 - "GET /api/companies HTTP/1.1" 200 OK
INFO:     127.0.0.1:52391 - "GET /api/pms/room-blocks?status=active HTTP/1.1" 200 OK
2026-07-02T12:17:15 [INFO] channel_manager.availability_auto_sync: [AVAIL-AUTO-SYNC] tenant=bb306859-9748-430f-b24a-5a0d0ea29309 room_type=Junior Suite tarih=2026-08-01→2026-08-02 avail={'2026-08-01': 2}
INFO:     127.0.0.1:52394 - "GET /api/pms/bookings?start_date=2026-07-24&end_date=2026-08-21&limit=500 HTTP/1.1" 200 OK
2026-07-02T12:17:16 [INFO] core.outbox_worker: Outbox event processed: 352c301b-1355-41d5-8bbe-817312a9bd3e type=booking.cancelled.v1 msg=Dispatched: 0 sync jobs created
INFO:     127.0.0.1:52397 - "GET /api/pms/guests/search?q=E2E_mr3ajhbs3mk7_GUEST&limit=8 HTTP/1.1" 200 OK
2026-07-02T12:17:17 [INFO] core.atomic_booking: Atomic booking created: 4ff63874-ad2c-4050-9a25-69db70c117d6 room=390422a7-b386-4d8b-88e4-e1acac851c30 2026-08-01T00:00:00->2026-08-02T00:00:00 (1 nights locked)
2026-07-02T12:17:17 [INFO] core.outbox_service: Outbox event enqueued: id=52e86700-e61c-4e05-8c21-a94dae9039bd type=booking.created.v1 entity=booking/4ff63874-ad2c-4050-9a25-69db70c117d6 provider=fan-out
INFO:     127.0.0.1:52400 - "POST /api/pms/quick-booking HTTP/1.1" 200 OK
INFO:     127.0.0.1:52403 - "POST /api/pms/guests HTTP/1.1" 200 OK
INFO:     127.0.0.1:52406 - "POST /api/pms/bookings HTTP/1.1" 404 Not Found
2026-07-02T12:17:18 [INFO] core.outbox_worker: Outbox event processed: 52e86700-e61c-4e05-8c21-a94dae9039bd type=booking.created.v1 msg=Dispatched: 0 sync jobs created
2026-07-02T12:17:18 [INFO] channel_manager.availability_auto_sync: [AVAIL-AUTO-SYNC] tenant=bb306859-9748-430f-b24a-5a0d0ea29309 room_type=Junior Suite tarih=2026-08-01→2026-08-02 avail={'2026-08-01': 1}
INFO:     127.0.0.1:52409 - "POST /api/pms-core/cancel HTTP/1.1" 400 Bad Request
2026-07-02T12:17:28 [INFO] websocket_server: Client disconnected: xl5J3tY7UPHwiW8UAAAF
2026-07-02T12:17:28 [INFO] websocket_server: Removed xl5J3tY7UPHwiW8UAAAF from room: internal-chat
INFO:     connection closed
INFO:     Shutting down
INFO:     Waiting for application shutdown.
2026-07-02T12:17:28 [INFO] infra.redis_cluster: Redis connections closed
2026-07-02T12:17:28 [INFO] controlplane.dashboard_aggregator: Dashboard snapshot worker stopped
2026-07-02T12:17:28 [INFO] core.room_type_inventory: RoomTypeInventoryWorker stopped
2026-07-02T12:17:28 [INFO] core.outbox_worker: OTA Outbox Worker stopped: 192.168.1.139:93239:21d83714
2026-07-02T12:17:28 [INFO] core.import_retry_worker: Import Retry Worker stopped: import-192.168.1.139:93239:bd3db057
2026-07-02T12:17:28 [INFO] shared_kernel.outbox_lifecycle: Outbox lifecycle worker stopped owner_id=192.168.1.139:93239:43107050
2026-07-02T12:17:28 [INFO] monitoring.worker: Monitoring worker stopped
2026-07-02T12:17:28 [INFO] domains.channel_manager.providers.exely.exely_pull_worker: [EXELY-PULL] Scheduler stopped
2026-07-02T12:17:28 [INFO] domains.channel_manager.providers.sync_scheduler: [PULL] Scheduler stopped
2026-07-02T12:17:28 [INFO] domains.channel_manager.hr_push_queue_worker: [HR-QUEUE] Worker stopped
2026-07-02T12:17:28 [INFO] channel_manager.availability_reconciliation: [AVAIL-RECON] Worker stopped
INFO:     Application shutdown complete.
INFO:     Finished server process [93239]
service task canceled
2026-07-02T12:17:28 [INFO] engineio.server: service task canceled
2026-07-02T12:17:28 [INFO] core.booking_hold: Booking hold sweeper stopped
